0 info it worked if it ends with ok
1 verbose cli [ '/usr/local/bin/node', '/usr/local/bin/npm', 'publish' ]
2 info using npm@3.10.10
3 info using node@v6.11.0
4 verbose publish [ '.' ]
5 silly cache add args [ '.', null ]
6 verbose cache add spec .
7 silly cache add parsed spec Result {
7 silly cache add   raw: '.',
7 silly cache add   scope: null,
7 silly cache add   escapedName: null,
7 silly cache add   name: null,
7 silly cache add   rawSpec: '.',
7 silly cache add   spec: '/Users/aipinji/Desktop/react-native-zgy-modules',
7 silly cache add   type: 'directory' }
8 verbose addLocalDirectory /Users/aipinji/.npm/react-native-zgy-modules/0.0.1/package.tgz not in flight; packing
9 verbose correctMkdir /Users/aipinji/.npm correctMkdir not in flight; initializing
10 info lifecycle react-native-zgy-modules@0.0.1~prepublish: react-native-zgy-modules@0.0.1
11 silly lifecycle react-native-zgy-modules@0.0.1~prepublish: no script for prepublish, continuing
12 verbose tar pack [ '/Users/aipinji/.npm/react-native-zgy-modules/0.0.1/package.tgz',
12 verbose tar pack   '/Users/aipinji/Desktop/react-native-zgy-modules' ]
13 verbose tarball /Users/aipinji/.npm/react-native-zgy-modules/0.0.1/package.tgz
14 verbose folder /Users/aipinji/Desktop/react-native-zgy-modules
15 verbose addLocalTarball adding from inside cache /Users/aipinji/.npm/react-native-zgy-modules/0.0.1/package.tgz
16 verbose correctMkdir /Users/aipinji/.npm correctMkdir not in flight; initializing
17 silly cache afterAdd react-native-zgy-modules@0.0.1
18 verbose afterAdd /Users/aipinji/.npm/react-native-zgy-modules/0.0.1/package/package.json not in flight; writing
19 verbose correctMkdir /Users/aipinji/.npm correctMkdir not in flight; initializing
20 verbose afterAdd /Users/aipinji/.npm/react-native-zgy-modules/0.0.1/package/package.json written
21 silly publish { name: 'react-native-zgy-modules',
21 silly publish   version: '0.0.1',
21 silly publish   description: 'react native项目需要的基础建设',
21 silly publish   main: 'index.js',
21 silly publish   directories: { doc: 'doc' },
21 silly publish   scripts: { test: 'make test' },
21 silly publish   repository:
21 silly publish    { type: 'git',
21 silly publish      url: 'git+https://github.com/liyilian/react-native-zgy-modules.git' },
21 silly publish   keywords: [ 'haha' ],
21 silly publish   author: { name: 'zhaoguangyin' },
21 silly publish   license: 'ISC',
21 silly publish   bugs: { url: 'https://github.com/liyilian/react-native-zgy-modules/issues' },
21 silly publish   homepage: 'https://github.com/liyilian/react-native-zgy-modules#readme',
21 silly publish   readme: '[![tag](https://img.shields.io/badge/tag-0.1.201712211518-blue.svg)](https://github.com/jpush/jpush-react-native/releases)\n[![QQ Group](https://img.shields.io/badge/develop%20Group-爱拼机app基础建设-red.svg)]()\n# react-native-librarys\n***\nRN开发的依赖包 支持双平台\n#### 文件目录\n* [modal](./doc/modal.md)\n* [swiper](./doc/swiper.md)\n* [微信QQ新浪支付宝iOS集成文档](./doc/IOS原生配置/微信QQ新浪支付宝配置/iosSuperModule.md)\n* [拍照选择图片以及图片裁剪iOS配置文档](./doc/IOS原生配置/拍照选择图片以及图片裁剪iOS配置文档/react-native-zgy-image-picker.md)\n* [安卓配置](./doc/Android原生配置/androidSuperModule.md)\n* [路由配置](./doc/路由导航/README.md)',
21 silly publish   readmeFilename: 'README.md',
21 silly publish   gitHead: 'e0a18d4f486b92908e73bd30831f27f631c4f0ed',
21 silly publish   _id: 'react-native-zgy-modules@0.0.1',
21 silly publish   _shasum: '78eece479926052d99728bccc7532b37d0fc41d4',
21 silly publish   _from: '.' }
22 verbose getPublishConfig undefined
23 silly mapToRegistry name react-native-zgy-modules
24 silly mapToRegistry using default registry
25 silly mapToRegistry registry https://registry.npm.taobao.org/
26 silly mapToRegistry data Result {
26 silly mapToRegistry   raw: 'react-native-zgy-modules',
26 silly mapToRegistry   scope: null,
26 silly mapToRegistry   escapedName: 'react-native-zgy-modules',
26 silly mapToRegistry   name: 'react-native-zgy-modules',
26 silly mapToRegistry   rawSpec: '',
26 silly mapToRegistry   spec: 'latest',
26 silly mapToRegistry   type: 'tag' }
27 silly mapToRegistry uri https://registry.npm.taobao.org/react-native-zgy-modules
28 verbose publish registryBase https://registry.npm.taobao.org/
29 silly publish uploading /Users/aipinji/.npm/react-native-zgy-modules/0.0.1/package.tgz
30 verbose request uri https://registry.npm.taobao.org/react-native-zgy-modules
31 verbose request sending authorization for write operation
32 info attempt registry request try #1 at 16:53:11
33 verbose request id 869cd9d25224a260
34 http request PUT https://registry.npm.taobao.org/react-native-zgy-modules
35 http 413 https://registry.npm.taobao.org/react-native-zgy-modules
36 verbose bad json <html>
36 verbose bad json <head><title>413 Request Entity Too Large</title></head>
36 verbose bad json <body bgcolor="white">
36 verbose bad json <center><h1>413 Request Entity Too Large</h1></center>
36 verbose bad json <hr><center>nginx/1.4.6 (Ubuntu)</center>
36 verbose bad json </body>
36 verbose bad json </html>
37 error registry error parsing json
38 verbose headers { date: 'Fri, 05 Jan 2018 08:51:36 GMT',
38 verbose headers   'content-type': 'text/html',
38 verbose headers   'content-length': '207',
38 verbose headers   connection: 'keep-alive' }
39 verbose request invalidating /Users/aipinji/.npm/registry.npm.taobao.org/react-native-zgy-modules on PUT
40 error publish Failed PUT 413
41 verbose stack SyntaxError: Unexpected token < in JSON at position 0
41 verbose stack <html>
41 verbose stack <head><title>413 Request Entity Too Large</title></head>
41 verbose stack <body bgcolor="white">
41 verbose stack <center><h1>413 Request Entity Too Large</h1></center>
41 verbose stack <hr><center>nginx/1.4.6 (Ubuntu)</center>
41 verbose stack </body>
41 verbose stack </html>
41 verbose stack
41 verbose stack     at Object.parse (native)
41 verbose stack     at CachingRegistryClient.<anonymous> (/usr/local/lib/node_modules/npm/node_modules/npm-registry-client/lib/request.js:237:23)
41 verbose stack     at Request._callback (/usr/local/lib/node_modules/npm/node_modules/npm-registry-client/lib/request.js:210:14)
41 verbose stack     at Request.self.callback (/usr/local/lib/node_modules/npm/node_modules/request/request.js:187:22)
41 verbose stack     at emitTwo (events.js:106:13)
41 verbose stack     at Request.emit (events.js:191:7)
41 verbose stack     at Request.<anonymous> (/usr/local/lib/node_modules/npm/node_modules/request/request.js:1048:10)
41 verbose stack     at emitOne (events.js:96:13)
41 verbose stack     at Request.emit (events.js:188:7)
41 verbose stack     at IncomingMessage.<anonymous> (/usr/local/lib/node_modules/npm/node_modules/request/request.js:969:12)
42 verbose cwd /Users/aipinji/Desktop/react-native-zgy-modules
43 error Darwin 16.7.0
44 error argv "/usr/local/bin/node" "/usr/local/bin/npm" "publish"
45 error node v6.11.0
46 error npm  v3.10.10
47 error Unexpected token < in JSON at position 0
47 error <html>
47 error <head><title>413 Request Entity Too Large</title></head>
47 error <body bgcolor="white">
47 error <center><h1>413 Request Entity Too Large</h1></center>
47 error <hr><center>nginx/1.4.6 (Ubuntu)</center>
47 error </body>
47 error </html>
48 error If you need help, you may report this error at:
48 error     <https://github.com/npm/npm/issues>
49 verbose exit [ 1, true ]
